2025-12-12T10:23:12.162+01:00  INFO 32816 --- [backend] [main] se.johan.chatapp.ChatApplication         : Starting ChatApplication using Java 21.0.8 with PID 32816 (C:\Users\ihate\Documents\GitHub\chatapp-examensarbete\backend\build\classes\java\main started by ihate in C:\Users\ihate\Documents\GitHub\chatapp-examensarbete\backend)
2025-12-12T10:23:12.165+01:00  INFO 32816 --- [backend] [main] se.johan.chatapp.ChatApplication         : No active profile set, falling back to 1 default profile: "default"
2025-12-12T10:23:12.695+01:00  INFO 32816 --- [backend] [main] .s.d.r.c.RepositoryConfigurationDelegate : Bootstrapping Spring Data MongoDB repositories in DEFAULT mode.
2025-12-12T10:23:12.734+01:00  INFO 32816 --- [backend] [main] .s.d.r.c.RepositoryConfigurationDelegate : Finished Spring Data repository scanning in 35 ms. Found 2 MongoDB repository interfaces.
2025-12-12T10:23:13.048+01:00  INFO 32816 --- [backend] [main] o.s.b.w.embedded.tomcat.TomcatWebServer  : Tomcat initialized with port 8080 (http)
2025-12-12T10:23:13.058+01:00  INFO 32816 --- [backend] [main] o.apache.catalina.core.StandardService   : Starting service [Tomcat]
2025-12-12T10:23:13.059+01:00  INFO 32816 --- [backend] [main] o.apache.catalina.core.StandardEngine    : Starting Servlet engine: [Apache Tomcat/10.1.44]
2025-12-12T10:23:13.100+01:00  INFO 32816 --- [backend] [main] o.a.c.c.C.[Tomcat].[localhost].[/]       : Initializing Spring embedded WebApplicationContext
2025-12-12T10:23:13.100+01:00  INFO 32816 --- [backend] [main] w.s.c.ServletWebServerApplicationContext : Root WebApplicationContext: initialization completed in 900 ms
2025-12-12T10:23:13.494+01:00  INFO 32816 --- [backend] [cluster-ClusterId{value='693bdf017d90efdf57223697', description='webservice'}-srv-webservice.cmiieo5.mongodb.net] org.mongodb.driver.cluster               : Adding discovered server ac-p1fktkj-shard-00-02.cmiieo5.mongodb.net:27017 to client view of cluster
2025-12-12T10:23:13.520+01:00  INFO 32816 --- [backend] [main] org.mongodb.driver.client                : MongoClient with metadata {"application": {"name": "webservice"}, "driver": {"name": "mongo-java-driver|sync|spring-boot", "version": "5.5.1"}, "os": {"type": "Windows", "name": "Windows 11", "architecture": "amd64", "version": "10.0"}, "platform": "Java/Amazon.com Inc./21.0.8+9-LTS"} created with settings MongoClientSettings{readPreference=primary, writeConcern=WriteConcern{w=null, wTimeout=null ms, journal=null}, retryWrites=true, retryReads=true, readConcern=ReadConcern{level=null}, credential=MongoCredential{mechanism=null, userName='linusholmer_db_user', source='admin', password=<hidden>, mechanismProperties=<hidden>}, transportSettings=null, commandListeners=[], codecRegistry=ProvidersCodecRegistry{codecProviders=[ValueCodecProvider{}, BsonValueCodecProvider{}, DBRefCodecProvider{}, DBObjectCodecProvider{}, DocumentCodecProvider{}, CollectionCodecProvider{}, IterableCodecProvider{}, MapCodecProvider{}, GeoJsonCodecProvider{}, GridFSFileCodecProvider{}, Jsr310CodecProvider{}, JsonObjectCodecProvider{}, BsonCodecProvider{}, EnumCodecProvider{}, com.mongodb.client.model.mql.ExpressionCodecProvider@52ca2652, com.mongodb.Jep395RecordCodecProvider@65c5bf0e, com.mongodb.KotlinCodecProvider@697d6ded]}, loggerSettings=LoggerSettings{maxDocumentLength=1000}, clusterSettings={hosts=[127.0.0.1:27017], srvHost=webservice.cmiieo5.mongodb.net, srvServiceName=mongodb, mode=MULTIPLE, requiredClusterType=REPLICA_SET, requiredReplicaSetName='atlas-ppmf7s-shard-0', serverSelector='null', clusterListeners='[]', serverSelectionTimeout='30000 ms', localThreshold='15 ms'}, socketSettings=SocketSettings{connectTimeoutMS=10000, readTimeoutMS=0, receiveBufferSize=0, proxySettings=ProxySettings{host=null, port=null, username=null, password=null}}, heartbeatSocketSettings=SocketSettings{connectTimeoutMS=10000, readTimeoutMS=10000, receiveBufferSize=0, proxySettings=ProxySettings{host=null, port=null, username=null, password=null}}, connectionPoolSettings=ConnectionPoolSettings{maxSize=100, minSize=0, maxWaitTimeMS=120000, maxConnectionLifeTimeMS=0, maxConnectionIdleTimeMS=0, maintenanceInitialDelayMS=0, maintenanceFrequencyMS=60000, connectionPoolListeners=[], maxConnecting=2}, serverSettings=ServerSettings{heartbeatFrequencyMS=10000, minHeartbeatFrequencyMS=500, serverMonitoringMode=AUTO, serverListeners='[]', serverMonitorListeners='[]'}, sslSettings=SslSettings{enabled=true, invalidHostNameAllowed=false, context=null}, applicationName='webservice', compressorList=[], uuidRepresentation=JAVA_LEGACY, serverApi=null, autoEncryptionSettings=null, dnsClient=null, inetAddressResolver=null, contextProvider=null, timeoutMS=null}
2025-12-12T10:23:13.530+01:00  INFO 32816 --- [backend] [cluster-ClusterId{value='693bdf017d90efdf57223697', description='webservice'}-srv-webservice.cmiieo5.mongodb.net] org.mongodb.driver.cluster               : Adding discovered server ac-p1fktkj-shard-00-00.cmiieo5.mongodb.net:27017 to client view of cluster
2025-12-12T10:23:13.533+01:00  INFO 32816 --- [backend] [cluster-ClusterId{value='693bdf017d90efdf57223697', description='webservice'}-srv-webservice.cmiieo5.mongodb.net] org.mongodb.driver.cluster               : Adding discovered server ac-p1fktkj-shard-00-01.cmiieo5.mongodb.net:27017 to client view of cluster
2025-12-12T10:23:13.812+01:00  INFO 32816 --- [backend] [cluster-ClusterId{value='693bdf017d90efdf57223697', description='webservice'}-ac-p1fktkj-shard-00-01.cmiieo5.mongodb.net:27017] org.mongodb.driver.cluster               : Monitor thread successfully connected to server with description ServerDescription{address=ac-p1fktkj-shard-00-01.cmiieo5.mongodb.net:27017, type=REPLICA_SET_PRIMARY, cryptd=false, state=CONNECTED, ok=true, minWireVersion=0, maxWireVersion=25, maxDocumentSize=16777216, logicalSessionTimeoutMinutes=30, roundTripTimeNanos=161533000, minRoundTripTimeNanos=0, setName='atlas-ppmf7s-shard-0', canonicalAddress=ac-p1fktkj-shard-00-01.cmiieo5.mongodb.net:27017, hosts=[ac-p1fktkj-shard-00-00.cmiieo5.mongodb.net:27017, ac-p1fktkj-shard-00-01.cmiieo5.mongodb.net:27017, ac-p1fktkj-shard-00-02.cmiieo5.mongodb.net:27017], passives=[], arbiters=[], primary='ac-p1fktkj-shard-00-01.cmiieo5.mongodb.net:27017', tagSet=TagSet{[Tag{name='availabilityZone', value='eun1-az2'}, Tag{name='diskState', value='READY'}, Tag{name='nodeType', value='ELECTABLE'}, Tag{name='provider', value='AWS'}, Tag{name='region', value='EU_NORTH_1'}, Tag{name='workloadType', value='OPERATIONAL'}]}, electionId=7fffffff000000000000014f, setVersion=130, topologyVersion=TopologyVersion{processId=692887fac03094bfbeaf82c1, counter=6}, lastWriteDate=Fri Dec 12 10:23:13 CET 2025, lastUpdateTimeNanos=6507618843800}
2025-12-12T10:23:13.812+01:00  INFO 32816 --- [backend] [cluster-ClusterId{value='693bdf017d90efdf57223697', description='webservice'}-ac-p1fktkj-shard-00-00.cmiieo5.mongodb.net:27017] org.mongodb.driver.cluster               : Monitor thread successfully connected to server with description ServerDescription{address=ac-p1fktkj-shard-00-00.cmiieo5.mongodb.net:27017, type=REPLICA_SET_SECONDARY, cryptd=false, state=CONNECTED, ok=true, minWireVersion=0, maxWireVersion=25, maxDocumentSize=16777216, logicalSessionTimeoutMinutes=30, roundTripTimeNanos=162467600, minRoundTripTimeNanos=0, setName='atlas-ppmf7s-shard-0', canonicalAddress=ac-p1fktkj-shard-00-00.cmiieo5.mongodb.net:27017, hosts=[ac-p1fktkj-shard-00-00.cmiieo5.mongodb.net:27017, ac-p1fktkj-shard-00-01.cmiieo5.mongodb.net:27017, ac-p1fktkj-shard-00-02.cmiieo5.mongodb.net:27017], passives=[], arbiters=[], primary='ac-p1fktkj-shard-00-01.cmiieo5.mongodb.net:27017', tagSet=TagSet{[Tag{name='availabilityZone', value='eun1-az1'}, Tag{name='diskState', value='READY'}, Tag{name='nodeType', value='ELECTABLE'}, Tag{name='provider', value='AWS'}, Tag{name='region', value='EU_NORTH_1'}, Tag{name='workloadType', value='OPERATIONAL'}]}, electionId=null, setVersion=130, topologyVersion=TopologyVersion{processId=692888c21716ac225541323e, counter=4}, lastWriteDate=Fri Dec 12 10:23:13 CET 2025, lastUpdateTimeNanos=6507618843900}
2025-12-12T10:23:13.812+01:00  INFO 32816 --- [backend] [cluster-ClusterId{value='693bdf017d90efdf57223697', description='webservice'}-ac-p1fktkj-shard-00-02.cmiieo5.mongodb.net:27017] org.mongodb.driver.cluster               : Monitor thread successfully connected to server with description ServerDescription{address=ac-p1fktkj-shard-00-02.cmiieo5.mongodb.net:27017, type=REPLICA_SET_SECONDARY, cryptd=false, state=CONNECTED, ok=true, minWireVersion=0, maxWireVersion=25, maxDocumentSize=16777216, logicalSessionTimeoutMinutes=30, roundTripTimeNanos=162714300, minRoundTripTimeNanos=0, setName='atlas-ppmf7s-shard-0', canonicalAddress=ac-p1fktkj-shard-00-02.cmiieo5.mongodb.net:27017, hosts=[ac-p1fktkj-shard-00-00.cmiieo5.mongodb.net:27017, ac-p1fktkj-shard-00-01.cmiieo5.mongodb.net:27017, ac-p1fktkj-shard-00-02.cmiieo5.mongodb.net:27017], passives=[], arbiters=[], primary='ac-p1fktkj-shard-00-01.cmiieo5.mongodb.net:27017', tagSet=TagSet{[Tag{name='availabilityZone', value='eun1-az3'}, Tag{name='diskState', value='READY'}, Tag{name='nodeType', value='ELECTABLE'}, Tag{name='provider', value='AWS'}, Tag{name='region', value='EU_NORTH_1'}, Tag{name='workloadType', value='OPERATIONAL'}]}, electionId=null, setVersion=130, topologyVersion=TopologyVersion{processId=69288a01b169e7d0e62db15c, counter=3}, lastWriteDate=Fri Dec 12 10:23:13 CET 2025, lastUpdateTimeNanos=6507618843800}
2025-12-12T10:23:13.815+01:00  INFO 32816 --- [backend] [cluster-ClusterId{value='693bdf017d90efdf57223697', description='webservice'}-ac-p1fktkj-shard-00-01.cmiieo5.mongodb.net:27017] org.mongodb.driver.cluster               : Discovered replica set primary ac-p1fktkj-shard-00-01.cmiieo5.mongodb.net:27017 with max election id 7fffffff000000000000014f and max set version 130
2025-12-12T10:23:13.981+01:00  INFO 32816 --- [backend] [main] r$InitializeUserDetailsManagerConfigurer : Global AuthenticationManager configured with UserDetailsService bean with name myUserDetailsService
2025-12-12T10:23:14.207+01:00  INFO 32816 --- [backend] [main] o.s.b.w.embedded.tomcat.TomcatWebServer  : Tomcat started on port 8080 (http) with context path '/'
2025-12-12T10:23:14.212+01:00  INFO 32816 --- [backend] [main] se.johan.chatapp.ChatApplication         : Started ChatApplication in 2.429 seconds (process running for 2.937)
2025-12-12T10:23:28.284+01:00  INFO 32816 --- [backend] [http-nio-8080-exec-1] o.a.c.c.C.[Tomcat].[localhost].[/]       : Initializing Spring DispatcherServlet 'dispatcherServlet'
2025-12-12T10:23:28.284+01:00  INFO 32816 --- [backend] [http-nio-8080-exec-1] o.s.web.servlet.DispatcherServlet        : Initializing Servlet 'dispatcherServlet'
2025-12-12T10:23:28.285+01:00  INFO 32816 --- [backend] [http-nio-8080-exec-1] o.s.web.servlet.DispatcherServlet        : Completed initialization in 0 ms
2025-12-12T10:23:28.319+01:00  INFO 32816 --- [backend] [http-nio-8080-exec-2] se.johan.chatapp.jwt.JwtAuthFilter       : Incoming request: POST /login
2025-12-12T10:23:29.008+01:00  INFO 32816 --- [backend] [http-nio-8080-exec-2] se.johan.chatapp.service.TokenService    : JWT generated successfully for user: miran
2025-12-12T10:23:29.060+01:00  INFO 32816 --- [backend] [http-nio-8080-exec-2] s.johan.chatapp.service.ChatUserService  : Successfully logged in user: miran
2025-12-12T10:23:30.190+01:00  INFO 32816 --- [backend] [http-nio-8080-exec-3] se.johan.chatapp.jwt.JwtAuthFilter       : Incoming request: GET /auth
2025-12-12T10:23:30.283+01:00  INFO 32816 --- [backend] [http-nio-8080-exec-3] s.johan.chatapp.service.ChatUserService  : Auth Returned: true
2025-12-12T10:23:30.290+01:00  INFO 32816 --- [backend] [http-nio-8080-exec-3] se.johan.chatapp.jwt.JwtAuthFilter       : Outgoing response: status=200
2025-12-12T10:25:53.871+01:00  INFO 32816 --- [backend] [http-nio-8080-exec-7] se.johan.chatapp.jwt.JwtAuthFilter       : Incoming request: GET /chatUser/discover
2025-12-12T10:25:53.906+01:00  INFO 32816 --- [backend] [http-nio-8080-exec-7] se.johan.chatapp.jwt.JwtAuthFilter       : Outgoing response: status=200
2025-12-12T10:27:12.700+01:00  INFO 32816 --- [backend] [http-nio-8080-exec-9] se.johan.chatapp.jwt.JwtAuthFilter       : Incoming request: GET /chatUser/discover
2025-12-12T10:27:12.725+01:00  INFO 32816 --- [backend] [http-nio-8080-exec-9] se.johan.chatapp.jwt.JwtAuthFilter       : Outgoing response: status=200
2025-12-12T10:28:34.593+01:00  INFO 32816 --- [backend] [http-nio-8080-exec-1] se.johan.chatapp.jwt.JwtAuthFilter       : Incoming request: GET /chatUser/discover
2025-12-12T10:28:34.618+01:00  INFO 32816 --- [backend] [http-nio-8080-exec-1] se.johan.chatapp.jwt.JwtAuthFilter       : Outgoing response: status=200
2025-12-12T10:28:35.328+01:00  INFO 32816 --- [backend] [http-nio-8080-exec-2] se.johan.chatapp.jwt.JwtAuthFilter       : Incoming request: GET /chatUser/discover
2025-12-12T10:28:35.353+01:00  INFO 32816 --- [backend] [http-nio-8080-exec-2] se.johan.chatapp.jwt.JwtAuthFilter       : Outgoing response: status=200
2025-12-12T10:28:36.395+01:00  INFO 32816 --- [backend] [http-nio-8080-exec-3] se.johan.chatapp.jwt.JwtAuthFilter       : Incoming request: GET /chatUser/discover
2025-12-12T10:28:36.420+01:00  INFO 32816 --- [backend] [http-nio-8080-exec-3] se.johan.chatapp.jwt.JwtAuthFilter       : Outgoing response: status=200
2025-12-12T10:28:38.789+01:00  INFO 32816 --- [backend] [http-nio-8080-exec-4] se.johan.chatapp.jwt.JwtAuthFilter       : Incoming request: GET /chatUser/discover
2025-12-12T10:28:38.813+01:00  INFO 32816 --- [backend] [http-nio-8080-exec-4] se.johan.chatapp.jwt.JwtAuthFilter       : Outgoing response: status=200
2025-12-12T10:28:46.983+01:00  INFO 32816 --- [backend] [http-nio-8080-exec-6] se.johan.chatapp.jwt.JwtAuthFilter       : Incoming request: GET /auth
2025-12-12T10:28:46.992+01:00  INFO 32816 --- [backend] [http-nio-8080-exec-6] s.johan.chatapp.service.ChatUserService  : Auth Returned: true
2025-12-12T10:28:46.993+01:00  INFO 32816 --- [backend] [http-nio-8080-exec-6] se.johan.chatapp.jwt.JwtAuthFilter       : Outgoing response: status=200
2025-12-12T10:28:50.284+01:00  INFO 32816 --- [backend] [http-nio-8080-exec-5] se.johan.chatapp.jwt.JwtAuthFilter       : Incoming request: GET /chatUser/discover
2025-12-12T10:28:50.305+01:00  INFO 32816 --- [backend] [http-nio-8080-exec-5] se.johan.chatapp.jwt.JwtAuthFilter       : Outgoing response: status=200
2025-12-12T10:28:51.862+01:00  INFO 32816 --- [backend] [http-nio-8080-exec-7] se.johan.chatapp.jwt.JwtAuthFilter       : Incoming request: GET /chatUser/discover
2025-12-12T10:28:51.883+01:00  INFO 32816 --- [backend] [http-nio-8080-exec-7] se.johan.chatapp.jwt.JwtAuthFilter       : Outgoing response: status=200
2025-12-12T10:28:52.531+01:00  INFO 32816 --- [backend] [http-nio-8080-exec-8] se.johan.chatapp.jwt.JwtAuthFilter       : Incoming request: GET /chatUser/discover
2025-12-12T10:28:52.553+01:00  INFO 32816 --- [backend] [http-nio-8080-exec-8] se.johan.chatapp.jwt.JwtAuthFilter       : Outgoing response: status=200
2025-12-12T10:28:54.024+01:00  INFO 32816 --- [backend] [http-nio-8080-exec-9] se.johan.chatapp.jwt.JwtAuthFilter       : Incoming request: GET /chatUser/discover
2025-12-12T10:28:54.046+01:00  INFO 32816 --- [backend] [http-nio-8080-exec-9] se.johan.chatapp.jwt.JwtAuthFilter       : Outgoing response: status=200
2025-12-12T10:28:54.699+01:00  INFO 32816 --- [backend] [http-nio-8080-exec-10] se.johan.chatapp.jwt.JwtAuthFilter       : Incoming request: GET /chatUser/discover
2025-12-12T10:28:54.721+01:00  INFO 32816 --- [backend] [http-nio-8080-exec-10] se.johan.chatapp.jwt.JwtAuthFilter       : Outgoing response: status=200
2025-12-12T10:28:55.044+01:00  INFO 32816 --- [backend] [http-nio-8080-exec-1] se.johan.chatapp.jwt.JwtAuthFilter       : Incoming request: GET /chatUser/discover
2025-12-12T10:28:55.064+01:00  INFO 32816 --- [backend] [http-nio-8080-exec-1] se.johan.chatapp.jwt.JwtAuthFilter       : Outgoing response: status=200
2025-12-12T10:28:55.600+01:00  INFO 32816 --- [backend] [http-nio-8080-exec-2] se.johan.chatapp.jwt.JwtAuthFilter       : Incoming request: GET /chatUser/discover
2025-12-12T10:28:55.621+01:00  INFO 32816 --- [backend] [http-nio-8080-exec-2] se.johan.chatapp.jwt.JwtAuthFilter       : Outgoing response: status=200
2025-12-12T10:28:55.790+01:00  INFO 32816 --- [backend] [http-nio-8080-exec-3] se.johan.chatapp.jwt.JwtAuthFilter       : Incoming request: GET /chatUser/discover
2025-12-12T10:28:55.811+01:00  INFO 32816 --- [backend] [http-nio-8080-exec-3] se.johan.chatapp.jwt.JwtAuthFilter       : Outgoing response: status=200
2025-12-12T10:28:55.971+01:00  INFO 32816 --- [backend] [http-nio-8080-exec-4] se.johan.chatapp.jwt.JwtAuthFilter       : Incoming request: GET /chatUser/discover
2025-12-12T10:28:55.995+01:00  INFO 32816 --- [backend] [http-nio-8080-exec-4] se.johan.chatapp.jwt.JwtAuthFilter       : Outgoing response: status=200
2025-12-12T10:28:56.162+01:00  INFO 32816 --- [backend] [http-nio-8080-exec-6] se.johan.chatapp.jwt.JwtAuthFilter       : Incoming request: GET /chatUser/discover
2025-12-12T10:28:56.186+01:00  INFO 32816 --- [backend] [http-nio-8080-exec-6] se.johan.chatapp.jwt.JwtAuthFilter       : Outgoing response: status=200
2025-12-12T10:28:56.319+01:00  INFO 32816 --- [backend] [http-nio-8080-exec-5] se.johan.chatapp.jwt.JwtAuthFilter       : Incoming request: GET /chatUser/discover
2025-12-12T10:28:56.339+01:00  INFO 32816 --- [backend] [http-nio-8080-exec-5] se.johan.chatapp.jwt.JwtAuthFilter       : Outgoing response: status=200
2025-12-12T10:28:56.509+01:00  INFO 32816 --- [backend] [http-nio-8080-exec-7] se.johan.chatapp.jwt.JwtAuthFilter       : Incoming request: GET /chatUser/discover
2025-12-12T10:28:56.529+01:00  INFO 32816 --- [backend] [http-nio-8080-exec-7] se.johan.chatapp.jwt.JwtAuthFilter       : Outgoing response: status=200
2025-12-12T10:28:56.697+01:00  INFO 32816 --- [backend] [http-nio-8080-exec-8] se.johan.chatapp.jwt.JwtAuthFilter       : Incoming request: GET /chatUser/discover
2025-12-12T10:28:56.717+01:00  INFO 32816 --- [backend] [http-nio-8080-exec-8] se.johan.chatapp.jwt.JwtAuthFilter       : Outgoing response: status=200
2025-12-12T10:28:56.885+01:00  INFO 32816 --- [backend] [http-nio-8080-exec-9] se.johan.chatapp.jwt.JwtAuthFilter       : Incoming request: GET /chatUser/discover
2025-12-12T10:28:56.905+01:00  INFO 32816 --- [backend] [http-nio-8080-exec-9] se.johan.chatapp.jwt.JwtAuthFilter       : Outgoing response: status=200
2025-12-12T10:28:57.065+01:00  INFO 32816 --- [backend] [http-nio-8080-exec-10] se.johan.chatapp.jwt.JwtAuthFilter       : Incoming request: GET /chatUser/discover
2025-12-12T10:28:57.084+01:00  INFO 32816 --- [backend] [http-nio-8080-exec-10] se.johan.chatapp.jwt.JwtAuthFilter       : Outgoing response: status=200
2025-12-12T10:29:07.095+01:00  INFO 32816 --- [backend] [SpringApplicationShutdownHook] o.s.b.w.e.tomcat.GracefulShutdown        : Commencing graceful shutdown. Waiting for active requests to complete
2025-12-12T10:29:07.098+01:00  INFO 32816 --- [backend] [tomcat-shutdown] o.s.b.w.e.tomcat.GracefulShutdown        : Graceful shutdown complete
